Removed Parameter FUNCTION:Energy Meter from Part 3V3_AC
Removed Parameter FUNCTION:Energy Meter from Part C1
Removed Parameter FUNCTION:Energy Meter from Part C2
Removed Parameter FUNCTION:Energy Meter from Part C4
Removed Parameter FUNCTION:Energy Meter from Part C5
Removed Parameter FUNCTION:Energy Meter from Part C6
Removed Parameter FUNCTION:Energy Meter from Part C13
Removed Parameter FUNCTION:Energy Meter from Part C15
Removed Parameter FUNCTION:Energy Meter from Part C16
Removed Parameter FUNCTION:Energy Meter from Part C17
Removed Parameter FUNCTION:Energy Meter from Part C18
Removed Parameter FUNCTION:Energy Meter from Part C19
Removed Parameter FUNCTION:Energy Meter from Part C20
Removed Parameter FUNCTION:Energy Meter from Part GND_AC
Removed Parameter FUNCTION:Energy Meter from Part R31
Removed Parameter FUNCTION:Energy Meter from Part R32
Removed Parameter FUNCTION:Energy Meter from Part U1
Removed Parameter FUNCTION:Energy Meter from Part U6
Removed Parameter FUNCTION:Energy Meter from Part U9
Removed Parameter FUNCTION:Energy Meter from Part U10
Removed Parameter FUNCTION:Energy Meter from Part U13
Removed Parameter FUNCTION:Energy Meter from Part X2
