Removed Parameter FUNCTION:JN5169 MOD from Part C9
Removed Parameter FUNCTION:JN5169 MOD from Part C10
Removed Parameter FUNCTION:JN5169 MOD from Part C11
Removed Parameter FUNCTION:JN5169 MOD from Part C14
Removed Parameter FUNCTION:JN5169 MOD from Part C21
Removed Parameter FUNCTION:JN5169 MOD from Part C22
Removed Parameter FUNCTION:JN5169 MOD from Part C23
Removed Parameter FUNCTION:JN5169 MOD from Part C24
Removed Parameter FUNCTION:JN5169 MOD from Part C25
Removed Parameter FUNCTION:JN5169 MOD from Part C30
Removed Parameter FUNCTION:JN5169 MOD from Part C31
Removed Parameter FUNCTION:JN5169 MOD from Part C33
Removed Parameter FUNCTION:JN5169 MOD from Part C39
Removed Parameter FUNCTION:JN5169 MOD from Part C40
Removed Parameter FUNCTION:JN5169 MOD from Part C41
Removed Parameter FUNCTION:JN5169 MOD from Part C42
Removed Parameter FUNCTION:JN5169 MOD from Part C43
Removed Parameter FUNCTION:JN5169 MOD from Part C44
Removed Parameter FUNCTION:JN5169 MOD from Part C45
Removed Parameter FUNCTION:JN5169 MOD from Part J1
Removed Parameter FUNCTION:JN5169 MOD from Part Jennic pinout
Removed Parameter FUNCTION:JN5169 MOD from Part L3
Removed Parameter FUNCTION:JN5169 MOD from Part L4
Removed Parameter FUNCTION:JN5169 MOD from Part L5
Removed Parameter FUNCTION:JN5169 MOD from Part L6
Removed Parameter FUNCTION:JN5169 MOD from Part R11
Removed Parameter FUNCTION:JN5169 MOD from Part R14
Removed Parameter FUNCTION:JN5169 MOD from Part R20
Removed Parameter FUNCTION:JN5169 MOD from Part R21
Removed Parameter FUNCTION:JN5169 MOD from Part SH1
Removed Parameter FUNCTION:JN5169 MOD from Part U3
Removed Parameter FUNCTION:JN5169 MOD from Part U4
Removed Parameter FUNCTION:JN5169 MOD from Part U5
Removed Parameter FUNCTION:JN5169 MOD from Part U11
Removed Parameter FUNCTION:JN5169 MOD from Part Y2
